2024-12-09 17:15:18,862 CRIT Supervisor is running as root.  Privileges were not dropped because no user is specified in the config file.  If you intend to run as root, you can set user=root in the config file to avoid this message.
2024-12-09 17:15:18,867 INFO supervisord started with pid 1
2024-12-09 17:15:19,870 INFO spawned: 'nginx' with pid 7
2024-12-09 17:15:19,872 INFO spawned: 'php-fpm' with pid 8
2024-12-09 17:15:20,899 INFO success: nginx entered RUNNING state, process has stayed up for > than 1 seconds (startsecs)
2024-12-09 17:15:20,901 INFO success: php-fpm entered RUNNING state, process has stayed up for > than 1 seconds (startsecs)
2024-12-09 17:15:54,825 WARN received SIGQUIT indicating exit request
2024-12-09 17:15:54,826 INFO waiting for nginx, php-fpm to die
2024-12-09 17:15:54,829 INFO stopped: php-fpm (exit status 0)
2024-12-09 17:15:54,831 INFO stopped: nginx (exit status 0)
2024-12-09 17:15:59,234 CRIT Supervisor is running as root.  Privileges were not dropped because no user is specified in the config file.  If you intend to run as root, you can set user=root in the config file to avoid this message.
2024-12-09 17:15:59,237 INFO supervisord started with pid 1
2024-12-09 17:16:00,240 INFO spawned: 'nginx' with pid 7
2024-12-09 17:16:00,242 INFO spawned: 'php-fpm' with pid 8
2024-12-09 17:16:01,269 INFO success: nginx entered RUNNING state, process has stayed up for > than 1 seconds (startsecs)
2024-12-09 17:16:01,269 INFO success: php-fpm entered RUNNING state, process has stayed up for > than 1 seconds (startsecs)
2024-12-09 17:17:57,332 WARN received SIGQUIT indicating exit request
2024-12-09 17:17:57,333 INFO waiting for nginx, php-fpm to die
2024-12-09 17:17:57,336 INFO stopped: php-fpm (exit status 0)
2024-12-09 17:17:57,338 INFO stopped: nginx (exit status 0)
2024-12-09 17:18:01,817 CRIT Supervisor is running as root.  Privileges were not dropped because no user is specified in the config file.  If you intend to run as root, you can set user=root in the config file to avoid this message.
2024-12-09 17:18:01,822 INFO supervisord started with pid 1
2024-12-09 17:18:02,824 INFO spawned: 'nginx' with pid 7
2024-12-09 17:18:02,826 INFO spawned: 'php-fpm' with pid 8
2024-12-09 17:18:03,853 INFO success: nginx entered RUNNING state, process has stayed up for > than 1 seconds (startsecs)
2024-12-09 17:18:03,853 INFO success: php-fpm entered RUNNING state, process has stayed up for > than 1 seconds (startsecs)
2024-12-10 09:17:01,554 CRIT Supervisor is running as root.  Privileges were not dropped because no user is specified in the config file.  If you intend to run as root, you can set user=root in the config file to avoid this message.
2024-12-10 09:17:01,556 INFO supervisord started with pid 1
2024-12-10 09:17:02,565 INFO spawned: 'nginx' with pid 7
2024-12-10 09:17:02,567 INFO spawned: 'php-fpm' with pid 8
2024-12-10 09:17:03,641 INFO success: nginx entered RUNNING state, process has stayed up for > than 1 seconds (startsecs)
2024-12-10 09:17:03,642 INFO success: php-fpm entered RUNNING state, process has stayed up for > than 1 seconds (startsecs)
2024-12-10 09:41:25,641 CRIT Supervisor is running as root.  Privileges were not dropped because no user is specified in the config file.  If you intend to run as root, you can set user=root in the config file to avoid this message.
2024-12-10 09:41:25,643 INFO supervisord started with pid 1
2024-12-10 09:41:26,649 INFO spawned: 'nginx' with pid 7
2024-12-10 09:41:26,652 INFO spawned: 'php-fpm' with pid 8
2024-12-10 09:41:27,684 INFO success: nginx entered RUNNING state, process has stayed up for > than 1 seconds (startsecs)
2024-12-10 09:41:27,685 INFO success: php-fpm entered RUNNING state, process has stayed up for > than 1 seconds (startsecs)
